This is pdfTeX, Version 3.1415926-2.4-1.40.13 (TeX Live 2012) (format=pdflatex 2012.6.30)  12 OCT 2015 10:50
entering extended mode
 restricted \write18 enabled.
 file:line:error style messages enabled.
 %&-line parsing enabled.
**"citation indexing.tex"
(./citation indexing.tex
LaTeX2e <2011/06/27>
Babel <v3.8m> and hyphenation patterns for english, dumylang, nohyphenation, ge
rman-x-2012-05-30, ngerman-x-2012-05-30, afrikaans, ancientgreek, ibycus, arabi
c, armenian, basque, bulgarian, catalan, pinyin, coptic, croatian, czech, danis
h, dutch, ukenglish, usenglishmax, esperanto, estonian, ethiopic, farsi, finnis
h, french, friulan, galician, german, ngerman, swissgerman, monogreek, greek, h
ungarian, icelandic, assamese, bengali, gujarati, hindi, kannada, malayalam, ma
rathi, oriya, panjabi, tamil, telugu, indonesian, interlingua, irish, italian, 
kurmanji, latin, latvian, lithuanian, mongolian, mongolianlmc, bokmal, nynorsk,
 polish, portuguese, romanian, romansh, russian, sanskrit, serbian, serbianc, s
lovak, slovenian, spanish, swedish, turkish, turkmen, ukrainian, uppersorbian, 
welsh, loaded.
(/usr/local/texlive/2012/texmf-dist/tex/latex/base/article.cls
Document Class: article 2007/10/19 v1.4h Standard LaTeX document class
(/usr/local/texlive/2012/texmf-dist/tex/latex/base/size12.clo
File: size12.clo 2007/10/19 v1.4h Standard LaTeX file (size option)
)
\c@part=\count79
\c@section=\count80
\c@subsection=\count81
\c@subsubsection=\count82
\c@paragraph=\count83
\c@subparagraph=\count84
\c@figure=\count85
\c@table=\count86
\abovecaptionskip=\skip41
\belowcaptionskip=\skip42
\bibindent=\dimen102
)
(/usr/local/texlive/2012/texmf-dist/tex/generic/babel/babel.sty
Package: babel 2008/07/08 v3.8m The Babel package

(/usr/local/texlive/2012/texmf-dist/tex/generic/babel/swedish.ldf
Language: swedish 2005/03/31 v2.3d Swedish support from the babel system

(/usr/local/texlive/2012/texmf-dist/tex/generic/babel/babel.def
File: babel.def 2008/07/08 v3.8m Babel common definitions
\babel@savecnt=\count87
\U@D=\dimen103
)
Package babel Info: Making " an active character on input line 90.
)
(/usr/local/texlive/2012/texmf-dist/tex/generic/babel/icelandic.ldf
Language: icelandic 2005/03/30 v1.1g Icelandic support from the babel system
\pl@left=\dimen104
\pl@down=\dimen105
\pl@right=\dimen106
\pl@temp=\dimen107
)
(/usr/local/texlive/2012/texmf-dist/tex/generic/babel/english.ldf
Language: english 2005/03/30 v3.3o English support from the babel system
\l@canadian = a dialect from \language\l@american 
\l@australian = a dialect from \language\l@british 
\l@newzealand = a dialect from \language\l@british 
))
(/usr/local/texlive/2012/texmf-dist/tex/latex/base/fontenc.sty
Package: fontenc 2005/09/27 v1.99g Standard LaTeX package

(/usr/local/texlive/2012/texmf-dist/tex/latex/base/t1enc.def
File: t1enc.def 2005/09/27 v1.99g Standard LaTeX file
LaTeX Font Info:    Redeclaring font encoding T1 on input line 43.
))
(/usr/local/texlive/2012/texmf-dist/tex/latex/tools/afterpage.sty
Package: afterpage 1995/10/27 v1.08 After-Page Package (DPC)
\AP@output=\toks14
\AP@partial=\box26
\AP@footins=\box27
)
(/usr/local/texlive/2012/texmf-dist/tex/latex/setspace/setspace.sty
Package: setspace 2011/12/19 v6.7a set line spacing
)
(/usr/local/texlive/2012/texmf-dist/tex/latex/amsfonts/amssymb.sty
Package: amssymb 2009/06/22 v3.00

(/usr/local/texlive/2012/texmf-dist/tex/latex/amsfonts/amsfonts.sty
Package: amsfonts 2009/06/22 v3.00 Basic AMSFonts support
\@emptytoks=\toks15
\symAMSa=\mathgroup4
\symAMSb=\mathgroup5
LaTeX Font Info:    Overwriting math alphabet `\mathfrak' in version `bold'
(Font)                  U/euf/m/n --> U/euf/b/n on input line 96.
))
(/usr/local/texlive/2012/texmf-dist/tex/latex/graphics/epsfig.sty
Package: epsfig 1999/02/16 v1.7a (e)psfig emulation (SPQR)

(/usr/local/texlive/2012/texmf-dist/tex/latex/graphics/graphicx.sty
Package: graphicx 1999/02/16 v1.0f Enhanced LaTeX Graphics (DPC,SPQR)

(/usr/local/texlive/2012/texmf-dist/tex/latex/graphics/keyval.sty
Package: keyval 1999/03/16 v1.13 key=value parser (DPC)
\KV@toks@=\toks16
)
(/usr/local/texlive/2012/texmf-dist/tex/latex/graphics/graphics.sty
Package: graphics 2009/02/05 v1.0o Standard LaTeX Graphics (DPC,SPQR)

(/usr/local/texlive/2012/texmf-dist/tex/latex/graphics/trig.sty
Package: trig 1999/03/16 v1.09 sin cos tan (DPC)
)
(/usr/local/texlive/2012/texmf-dist/tex/latex/latexconfig/graphics.cfg
File: graphics.cfg 2010/04/23 v1.9 graphics configuration of TeX Live
)
Package graphics Info: Driver file: pdftex.def on input line 91.

(/usr/local/texlive/2012/texmf-dist/tex/latex/pdftex-def/pdftex.def
File: pdftex.def 2011/05/27 v0.06d Graphics/color for pdfTeX

(/usr/local/texlive/2012/texmf-dist/tex/generic/oberdiek/infwarerr.sty
Package: infwarerr 2010/04/08 v1.3 Providing info/warning/error messages (HO)
)
(/usr/local/texlive/2012/texmf-dist/tex/generic/oberdiek/ltxcmds.sty
Package: ltxcmds 2011/11/09 v1.22 LaTeX kernel commands for general use (HO)
)
\Gread@gobject=\count88
))
\Gin@req@height=\dimen108
\Gin@req@width=\dimen109
)
\epsfxsize=\dimen110
\epsfysize=\dimen111
)
(/usr/local/texlive/2012/texmf-dist/tex/latex/tools/dcolumn.sty
Package: dcolumn 2001/05/28 v1.06 decimal alignment package (DPC)

(/usr/local/texlive/2012/texmf-dist/tex/latex/tools/array.sty
Package: array 2008/09/09 v2.4c Tabular extension package (FMi)
\col@sep=\dimen112
\extrarowheight=\dimen113
\NC@list=\toks17
\extratabsurround=\skip43
\backup@length=\skip44
))
(/usr/local/texlive/2012/texmf-dist/tex/latex/multirow/multirow.sty
\bigstrutjot=\dimen114
)
(/usr/local/texlive/2012/texmf-dist/tex/latex/booktabs/booktabs.sty
Package: booktabs 2005/04/14 v1.61803 publication quality tables
\heavyrulewidth=\dimen115
\lightrulewidth=\dimen116
\cmidrulewidth=\dimen117
\belowrulesep=\dimen118
\belowbottomsep=\dimen119
\aboverulesep=\dimen120
\abovetopsep=\dimen121
\cmidrulesep=\dimen122
\cmidrulekern=\dimen123
\defaultaddspace=\dimen124
\@cmidla=\count89
\@cmidlb=\count90
\@aboverulesep=\dimen125
\@belowrulesep=\dimen126
\@thisruleclass=\count91
\@lastruleclass=\count92
\@thisrulewidth=\dimen127
)
(/usr/local/texlive/2012/texmf-dist/tex/latex/colortbl/colortbl.sty
Package: colortbl 2012/02/13 v1.0a Color table columns (DPC)

(/usr/local/texlive/2012/texmf-dist/tex/latex/graphics/color.sty
Package: color 2005/11/14 v1.0j Standard LaTeX Color (DPC)

(/usr/local/texlive/2012/texmf-dist/tex/latex/latexconfig/color.cfg
File: color.cfg 2007/01/18 v1.5 color configuration of teTeX/TeXLive
)
Package color Info: Driver file: pdftex.def on input line 130.
)
\everycr=\toks18
\minrowclearance=\skip45
)
(/usr/local/texlive/2012/texmf-dist/tex/latex/preprint/fullpage.sty
Package: fullpage 1999/02/23 1.1 (PWD)
\FP@margin=\skip46
)
(/usr/local/texlive/2012/texmf-dist/tex/latex/psnfss/times.sty
Package: times 2005/04/12 PSNFSS-v9.2a (SPQR) 
)
(/usr/local/texlive/2012/texmf-dist/tex/latex/amscls/amsthm.sty
Package: amsthm 2009/07/02 v2.20.1
\thm@style=\toks19
\thm@bodyfont=\toks20
\thm@headfont=\toks21
\thm@notefont=\toks22
\thm@headpunct=\toks23
\thm@preskip=\skip47
\thm@postskip=\skip48
\thm@headsep=\skip49
\dth@everypar=\toks24
)
(/usr/local/texlive/2012/texmf-dist/tex/latex/graphics/lscape.sty
Package: lscape 2000/10/22 v3.01 Landscape Pages (DPC)
)
(/usr/local/texlive/2012/texmf-dist/tex/latex/threeparttable/threeparttable.sty
Package: threeparttable 2003/06/13  v 3.0
\@tempboxb=\box28
) (/usr/local/texlive/2012/texmf-dist/tex/latex/psfrag/psfrag.sty
Package: psfrag 1998/04/11 v3.04 PSfrag (MCG)
\pfg@pcount=\count93
\pfg@scount=\count94
\pfg@temp=\write3
)
(/usr/local/texlive/2012/texmf-dist/tex/latex/base/fleqn.sty

LaTeX Warning: inputting `fleqn.clo' instead of obsolete `fleqn.sty'.

(/usr/local/texlive/2012/texmf-dist/tex/latex/base/fleqn.clo
File: fleqn.clo 1998/08/17 v1.1c Standard LaTeX option (flush left equations)
\mathindent=\dimen128
))
(/usr/local/texlive/2012/texmf-dist/tex/latex/eepic/epic.sty
Enhancements to Picture Environment. Version 1.2 - Released June 1, 1986
\@@multicnt=\count95
\d@lta=\count96
\@delta=\dimen129
\@@delta=\dimen130
\@gridcnt=\count97
\@joinkind=\count98
\@dotgap=\dimen131
\@ddotgap=\dimen132
\@x@diff=\count99
\@y@diff=\count100
\x@diff=\dimen133
\y@diff=\dimen134
\@dotbox=\box29
\num@segments=\count101
\num@segmentsi=\count102
\@datafile=\read1
) (/usr/local/texlive/2012/texmf-dist/tex/latex/tools/longtable.sty
Package: longtable 2004/02/01 v4.11 Multi-page Table package (DPC)
\LTleft=\skip50
\LTright=\skip51
\LTpre=\skip52
\LTpost=\skip53
\LTchunksize=\count103
\LTcapwidth=\dimen135
\LT@head=\box30
\LT@firsthead=\box31
\LT@foot=\box32
\LT@lastfoot=\box33
\LT@cols=\count104
\LT@rows=\count105
\c@LT@tables=\count106
\c@LT@chunks=\count107
\LT@p@ftn=\toks25
)
(/usr/local/texlive/2012/texmf-dist/tex/latex/rotating/rotating.sty
Package: rotating 2009/03/28 v2.16a rotated objects in LaTeX

(/usr/local/texlive/2012/texmf-dist/tex/latex/base/ifthen.sty
Package: ifthen 2001/05/26 v1.1c Standard LaTeX ifthen package (DPC)
)
\c@r@tfl@t=\count108
\rotFPtop=\skip54
\rotFPbot=\skip55
\rot@float@box=\box34
\rot@mess@toks=\toks26
)
(/usr/local/texlive/2012/texmf-dist/tex/latex/base/latexsym.sty
Package: latexsym 1998/08/17 v2.2e Standard LaTeX package (lasy symbols)
\symlasy=\mathgroup6
LaTeX Font Info:    Overwriting symbol font `lasy' in version `bold'
(Font)                  U/lasy/m/n --> U/lasy/b/n on input line 47.
)
(/usr/local/texlive/2012/texmf-dist/tex/latex/url/url.sty
\Urlmuskip=\muskip10
Package: url 2006/04/12  ver 3.3  Verb mode for urls, etc.
)
(/usr/local/texlive/2012/texmf-dist/tex/latex/endnotes/endnotes.sty
\c@endnote=\count109
\endnotesep=\dimen136
\@enotes=\write4
)
(/usr/local/texlive/2012/texmf-dist/tex/latex/caption/subcaption.sty
Package: subcaption 2012/01/12 v1.1d Sub-captions (AR)

(/usr/local/texlive/2012/texmf-dist/tex/latex/caption/caption.sty
Package: caption 2012/02/19 v3.2f Customizing captions (AR)

(/usr/local/texlive/2012/texmf-dist/tex/latex/caption/caption3.sty
Package: caption3 2012/01/12 v1.4b caption3 kernel (AR)
\captionmargin=\dimen137
\captionmargin@=\dimen138
\captionwidth=\dimen139
\caption@indent=\dimen140
\caption@parindent=\dimen141
\caption@hangindent=\dimen142
)
\c@ContinuedFloat=\count110
Package caption Info: longtable package is loaded.

(/usr/local/texlive/2012/texmf-dist/tex/latex/caption/ltcaption.sty
Package: ltcaption 2011/09/12 v1.3 longtable captions (AR)
)
Package caption Info: rotating package is loaded.
Package caption Info: threeparttable package is loaded.
)
\c@subfigure=\count111
\c@subtable=\count112
)
(/usr/local/texlive/2012/texmf-dist/tex/latex/subfigure/subfigure.sty
Package: subfigure 2002/03/15 v2.1.5 subfigure package
\subfigtopskip=\skip56
\subfigcapskip=\skip57
\subfigcaptopadj=\dimen143
\subfigbottomskip=\skip58
\subfigcapmargin=\dimen144
\subfiglabelskip=\skip59


/usr/local/texlive/2012/texmf-dist/tex/latex/subfigure/subfigure.sty:113: LaTeX
 Error: Command \c@subfigure already defined.
               Or name \end... illegal, see p.192 of the manual.

See the LaTeX manual or LaTeX Companion for explanation.
Type  H <return>  for immediate help.
 ...                                              
                                                  
l.113 \newcounter{subfigure}
                            [figure]
? 

/usr/local/texlive/2012/texmf-dist/tex/latex/subfigure/subfigure.sty:123: LaTeX
 Error: Command \l@subfigure already defined.
               Or name \end... illegal, see p.192 of the manual.

See the LaTeX manual or LaTeX Companion for explanation.
Type  H <return>  for immediate help.
 ...                                              
                                                  
l.123 ...xxxline{\ext@subfigure}{2}{3.8em}{2.5em}}
                                                  
? 
\c@lofdepth=\count113

/usr/local/texlive/2012/texmf-dist/tex/latex/subfigure/subfigure.sty:126: LaTeX
 Error: Command \c@subtable already defined.
               Or name \end... illegal, see p.192 of the manual.

See the LaTeX manual or LaTeX Companion for explanation.
Type  H <return>  for immediate help.
 ...                                              
                                                  
l.126 \newcounter{subtable}
                           [table]
? 

/usr/local/texlive/2012/texmf-dist/tex/latex/subfigure/subfigure.sty:136: LaTeX
 Error: Command \l@subtable already defined.
               Or name \end... illegal, see p.192 of the manual.

See the LaTeX manual or LaTeX Companion for explanation.
Type  H <return>  for immediate help.
 ...                                              
                                                  
l.136 ...dxxxline{\ext@subtable}{2}{3.8em}{2.5em}}
                                                  
? 
\c@lotdepth=\count114
****************************************
* Local config file subfigure.cfg used *
****************************************
(/usr/local/texlive/2012/texmf-dist/tex/latex/subfigure/subfigure.cfg)
\subfig@top=\skip60
\subfig@bottom=\skip61


/usr/local/texlive/2012/texmf-dist/tex/latex/subfigure/subfigure.sty:413: LaTeX
 Error: Command \subref already defined.
               Or name \end... illegal, see p.192 of the manual.

See the LaTeX manual or LaTeX Companion for explanation.
Type  H <return>  for immediate help.
 ...                                              
                                                  
l.413   \ref{sub@#1}}
                     
? 
) (/usr/local/texlive/2012/texmf-dist/tex/latex/harvard/harvard.sty
Package: harvard 
)
(/usr/local/texlive/2012/texmf-dist/tex/latex/footmisc/footmisc.sty
Package: footmisc 2011/06/06 v5.5b a miscellany of footnote facilities
\FN@temptoken=\toks27
\footnotemargin=\dimen145
\c@pp@next@reset=\count115
Package footmisc Info: Declaring symbol style bringhurst on input line 855.
Package footmisc Info: Declaring symbol style chicago on input line 863.
Package footmisc Info: Declaring symbol style wiley on input line 872.
Package footmisc Info: Declaring symbol style lamport-robust on input line 883.

Package footmisc Info: Declaring symbol style lamport* on input line 903.
Package footmisc Info: Declaring symbol style lamport*-robust on input line 924
.
)
(/usr/local/texlive/2012/texmf-dist/tex/latex/amsmath/amsmath.sty
Package: amsmath 2000/07/18 v2.13 AMS math features
\@mathmargin=\skip62

For additional information on amsmath, use the `?' option.
(/usr/local/texlive/2012/texmf-dist/tex/latex/amsmath/amstext.sty
Package: amstext 2000/06/29 v2.01

(/usr/local/texlive/2012/texmf-dist/tex/latex/amsmath/amsgen.sty
File: amsgen.sty 1999/11/30 v2.0
\@emptytoks=\toks28
\ex@=\dimen146
))
(/usr/local/texlive/2012/texmf-dist/tex/latex/amsmath/amsbsy.sty
Package: amsbsy 1999/11/29 v1.2d
\pmbraise@=\dimen147
)
(/usr/local/texlive/2012/texmf-dist/tex/latex/amsmath/amsopn.sty
Package: amsopn 1999/12/14 v2.01 operator names
)
\inf@bad=\count116
LaTeX Info: Redefining \frac on input line 211.
\uproot@=\count117
\leftroot@=\count118
LaTeX Info: Redefining \overline on input line 307.
\classnum@=\count119
\DOTSCASE@=\count120
LaTeX Info: Redefining \ldots on input line 379.
LaTeX Info: Redefining \dots on input line 382.
LaTeX Info: Redefining \cdots on input line 467.
\Mathstrutbox@=\box35
\strutbox@=\box36
\big@size=\dimen148
LaTeX Font Info:    Redeclaring font encoding OML on input line 567.
LaTeX Font Info:    Redeclaring font encoding OMS on input line 568.
\macc@depth=\count121
\c@MaxMatrixCols=\count122
\dotsspace@=\muskip11
\c@parentequation=\count123
\dspbrk@lvl=\count124
\tag@help=\toks29
\row@=\count125
\column@=\count126
\maxfields@=\count127
\andhelp@=\toks30
\eqnshift@=\dimen149
\alignsep@=\dimen150
\tagshift@=\dimen151
\tagwidth@=\dimen152
\totwidth@=\dimen153
\lineht@=\dimen154
\@envbody=\toks31
\multlinegap=\skip63
\multlinetaggap=\skip64
\mathdisplay@stack=\toks32
LaTeX Info: Redefining \[ on input line 2666.
LaTeX Info: Redefining \] on input line 2667.
)
(/usr/local/texlive/2012/texmf-dist/tex/latex/tools/bm.sty
Package: bm 2004/02/26 v1.1c Bold Symbol Support (DPC/FMi)
\symboldoperators=\mathgroup7
\symboldletters=\mathgroup8
\symboldsymbols=\mathgroup9
\symboldlasy=\mathgroup10
LaTeX Font Info:    Redeclaring math alphabet \mathbf on input line 138.
LaTeX Info: Redefining \bm on input line 204.
)
(/usr/local/texlive/2012/texmf-dist/tex/latex/paralist/paralist.sty
Package: paralist 2002/03/18 v2.3b Extended list environments (BS)
\pltopsep=\skip65
\plpartopsep=\skip66
\plitemsep=\skip67
\plparsep=\skip68
\pl@lab=\toks33
)
(./citation indexing.aux)
\openout1 = `"citation indexing.aux"'.

LaTeX Font Info:    Checking defaults for OML/cmm/m/it on input line 46.
LaTeX Font Info:    ... okay on input line 46.
LaTeX Font Info:    Checking defaults for T1/cmr/m/n on input line 46.
LaTeX Font Info:    ... okay on input line 46.
LaTeX Font Info:    Checking defaults for OT1/cmr/m/n on input line 46.
LaTeX Font Info:    ... okay on input line 46.
LaTeX Font Info:    Checking defaults for OMS/cmsy/m/n on input line 46.
LaTeX Font Info:    ... okay on input line 46.
LaTeX Font Info:    Checking defaults for OMX/cmex/m/n on input line 46.
LaTeX Font Info:    ... okay on input line 46.
LaTeX Font Info:    Checking defaults for U/cmr/m/n on input line 46.
LaTeX Font Info:    ... okay on input line 46.
LaTeX Font Info:    Try loading font information for T1+ptm on input line 46.

(/usr/local/texlive/2012/texmf-dist/tex/latex/psnfss/t1ptm.fd
File: t1ptm.fd 2001/06/04 font definitions for T1/ptm.
)
(/usr/local/texlive/2012/texmf-dist/tex/context/base/supp-pdf.mkii
[Loading MPS to PDF converter (version 2006.09.02).]
\scratchcounter=\count128
\scratchdimen=\dimen155
\scratchbox=\box37
\nofMPsegments=\count129
\nofMParguments=\count130
\everyMPshowfont=\toks34
\MPscratchCnt=\count131
\MPscratchDim=\dimen156
\MPnumerator=\count132
\makeMPintoPDFobject=\count133
\everyMPtoPDFconversion=\toks35
) (/usr/local/texlive/2012/texmf-dist/tex/generic/oberdiek/pdftexcmds.sty
Package: pdftexcmds 2011/11/29 v0.20 Utility functions of pdfTeX for LuaTeX (HO
)

(/usr/local/texlive/2012/texmf-dist/tex/generic/oberdiek/ifluatex.sty
Package: ifluatex 2010/03/01 v1.3 Provides the ifluatex switch (HO)
Package ifluatex Info: LuaTeX not detected.
)
(/usr/local/texlive/2012/texmf-dist/tex/generic/oberdiek/ifpdf.sty
Package: ifpdf 2011/01/30 v2.3 Provides the ifpdf switch (HO)
Package ifpdf Info: pdfTeX in PDF mode is detected.
)
Package pdftexcmds Info: LuaTeX not detected.
Package pdftexcmds Info: \pdf@primitive is available.
Package pdftexcmds Info: \pdf@ifprimitive is available.
Package pdftexcmds Info: \pdfdraftmode found.
)
(/usr/local/texlive/2012/texmf-dist/tex/latex/oberdiek/epstopdf-base.sty
Package: epstopdf-base 2010/02/09 v2.5 Base part for package epstopdf

(/usr/local/texlive/2012/texmf-dist/tex/latex/oberdiek/grfext.sty
Package: grfext 2010/08/19 v1.1 Manage graphics extensions (HO)

(/usr/local/texlive/2012/texmf-dist/tex/generic/oberdiek/kvdefinekeys.sty
Package: kvdefinekeys 2011/04/07 v1.3 Define keys (HO)
))
(/usr/local/texlive/2012/texmf-dist/tex/latex/oberdiek/kvoptions.sty
Package: kvoptions 2011/06/30 v3.11 Key value format for package options (HO)

(/usr/local/texlive/2012/texmf-dist/tex/generic/oberdiek/kvsetkeys.sty
Package: kvsetkeys 2012/04/25 v1.16 Key value parser (HO)

(/usr/local/texlive/2012/texmf-dist/tex/generic/oberdiek/etexcmds.sty
Package: etexcmds 2011/02/16 v1.5 Avoid name clashes with e-TeX commands (HO)
Package etexcmds Info: Could not find \expanded.
(etexcmds)             That can mean that you are not using pdfTeX 1.50 or
(etexcmds)             that some package has redefined \expanded.
(etexcmds)             In the latter case, load this package earlier.
)))
Package grfext Info: Graphics extension search list:
(grfext)             [.png,.pdf,.jpg,.mps,.jpeg,.jbig2,.jb2,.PNG,.PDF,.JPG,.JPE
G,.JBIG2,.JB2,.eps]
(grfext)             \AppendGraphicsExtensions on input line 452.

(/usr/local/texlive/2012/texmf-dist/tex/latex/latexconfig/epstopdf-sys.cfg
File: epstopdf-sys.cfg 2010/07/13 v1.3 Configuration of (r)epstopdf for TeX Liv
e
))
Package caption Info: Begin \AtBeginDocument code.
Package caption Info: subfigure package is loaded.


./citation indexing.tex:46: LaTeX Error: Command \subfigure already defined.
               Or name \end... illegal, see p.192 of the manual.

See the LaTeX manual or LaTeX Companion for explanation.
Type  H <return>  for immediate help.
 ...                                              
                                                  
l.46 \begin{document}
                     
? 

./citation indexing.tex:46: LaTeX Error: Command \subtable already defined.
               Or name \end... illegal, see p.192 of the manual.

See the LaTeX manual or LaTeX Companion for explanation.
Type  H <return>  for immediate help.
 ...                                              
                                                  
l.46 \begin{document}
                     
? 
Package caption Info: End \AtBeginDocument code.
LaTeX Font Info:    Font shape `T1/ptm/bx/n' in size <24.88> not available
(Font)              Font shape `T1/ptm/b/n' tried instead on input line 62.
[1
Non-PDF special ignored!

{/usr/local/texlive/2012/texmf-var/fonts/map/pdftex/updmap/pdftex.map}]
LaTeX Font Info:    Font shape `T1/ptm/bx/n' in size <17.28> not available
(Font)              Font shape `T1/ptm/b/n' tried instead on input line 92.

Underfull \hbox (badness 10000) in paragraph at lines 98--99

 []


Underfull \hbox (badness 10000) in paragraph at lines 100--101

 []

[1]
Underfull \hbox (badness 10000) in paragraph at lines 106--107

 []


Underfull \hbox (badness 10000) in paragraph at lines 108--109

 []

[2] [3] (./citation indexing.bbl) [4

] (./citation indexing.aux) )
(\end occurred inside a group at level 2)

### semi simple group (level 2) entered at line 85 (\begingroup)
### semi simple group (level 1) entered at line 52 (\begingroup)
### bottom level 
Here is how much of TeX's memory you used:
 5588 strings out of 493488
 79111 string characters out of 3141326
 142863 words of memory out of 3000000
 8741 multiletter control sequences out of 15000+200000
 20810 words of font info for 27 fonts, out of 3000000 for 9000
 957 hyphenation exceptions out of 8191
 42i,5n,40p,1056b,241s stack positions out of 5000i,500n,10000p,200000b,50000s
{/usr/local/texlive/2012/texmf-dist/fonts/enc/dvips/base/8r.enc
}</usr/local/texlive/2012/texmf-dist/fonts/type1/urw/times/utmb8a.pfb></usr/loc
al/texlive/2012/texmf-dist/fonts/type1/urw/times/utmr8a.pfb></usr/local/texlive
/2012/texmf-dist/fonts/type1/urw/times/utmri8a.pfb>
Output written on "citation indexing.pdf" (5 pages, 47561 bytes).
PDF statistics:
 33 PDF objects out of 1000 (max. 8388607)
 22 compressed objects within 1 object stream
 0 named destinations out of 1000 (max. 500000)
 1 words of extra memory for PDF output out of 10000 (max. 10000000)

